<?xml version="1.0" encoding="UTF-8"?>
<!-- Generated by org.testng.reporters.JUnitXMLReporter -->
<testsuite ignored="0" hostname="DESKTOP-MUG13MS" failures="0" tests="9" name="Test" time="209.165" errors="0" timestamp="12 Dec 2019 12:14:51 GMT">
  <testcase classname="com.rabit.qa.tests.LoginPageTest" name="loginPageTitleTest" time="0.015"/>
  <testcase classname="com.rabit.qa.tests.Admin_MyAccount_001_AddMailExtentionsTest" name="verifyMyAccountDetailsTest" time="2.18"/>
  <testcase classname="com.rabit.qa.tests.HomePageTest" name="verifyHomePageTitleTest" time="0.03"/>
  <testcase classname="com.rabit.qa.tests.LoginPageTest" name="loginTest" time="10.4"/>
  <testcase classname="com.rabit.qa.tests.Admin_MyAccount_001_AddMailExtentionsTest" name="AddMailExtentionsTest" time="6.409"/>
  <testcase classname="com.rabit.qa.tests.Admin_MyAccount_001_AddMailExtentionsTest" name="AddMailExtentionsTest" time="6.559"/>
  <testcase classname="com.rabit.qa.tests.Admin_MyAccount_001_AddMailExtentionsTest" name="AddMailExtentionsTest" time="6.544"/>
  <testcase classname="com.rabit.qa.tests.HomePageTest" name="verifyCorrectUserName" time="0.103"/>
  <testcase classname="com.rabit.qa.tests.HomePageTest" name="verifyAdminMenuClickTest" time="5.541"/>
</testsuite> <!-- Test -->
