<?xml version="1.0" encoding="UTF-8"?>
<testsuite name="TestSuite" time="58.866" tests="9" errors="0" skipped="0" failures="3">
  <properties>
[...]
</properties>
  <testcase name="loginPageTitleTest" classname="com.rabit.qa.tests.LoginPageTest" time="0.014"/>
  <testcase name="verifyMyAccountDetailsTest" classname="com.rabit.qa.tests.Admin_MyAccount_001_AddMailExtentionsTest" time="2.244"/>
  <testcase name="verifyHomePageTitleTest" classname="com.rabit.qa.tests.HomePageTest" time="0.026"/>
  <testcase name="loginTest" classname="com.rabit.qa.tests.LoginPageTest" time="10.629"/>
  <testcase name="AddMailExtentionsTest" classname="com.rabit.qa.tests.Admin_MyAccount_001_AddMailExtentionsTest" time="13.456">
    <failure message="expected [true] but found [false]" type="java.lang.AssertionError">java.lang.AssertionError: expected [true] but found [false]
	at org.testng.Assert.fail(Assert.java:96)
	at org.testng.Assert.failNotEquals(Assert.java:776)
	at org.testng.Assert.assertTrue(Assert.java:44)
	at org.testng.Assert.assertTrue(Assert.java:54)
	at com.rabit.qa.tests.Admin_MyAccount_001_AddMailExtentionsTest.AddMailExtentionsTest(Admin_MyAccount_001_AddMailExtentionsTest.java:61)
</failure>
    <system-out>File copied successfully!!
</system-out>
    <system-err>Starting ChromeDriver 77.0.3865.40 (f484704e052e0b556f8030b65b953dce96503217-refs/branch-heads/3865@{#442}) on port 45320
Only local connections are allowed.
Please protect ports used by ChromeDriver and related test frameworks to prevent access by malicious code.
[1576154099.960][WARNING]: This version of ChromeDriver has not been tested with Chrome version 78.
Dec 12, 2019 6:05:01 PM org.openqa.selenium.remote.ProtocolHandshake createSession
INFO: Detected dialect: W3C
</system-err>
  </testcase>
  <testcase name="AddMailExtentionsTest" classname="com.rabit.qa.tests.Admin_MyAccount_001_AddMailExtentionsTest" time="13.462">
    <failure message="expected [true] but found [false]" type="java.lang.AssertionError">java.lang.AssertionError: expected [true] but found [false]
	at org.testng.Assert.fail(Assert.java:96)
	at org.testng.Assert.failNotEquals(Assert.java:776)
	at org.testng.Assert.assertTrue(Assert.java:44)
	at org.testng.Assert.assertTrue(Assert.java:54)
	at com.rabit.qa.tests.Admin_MyAccount_001_AddMailExtentionsTest.AddMailExtentionsTest(Admin_MyAccount_001_AddMailExtentionsTest.java:61)
</failure>
    <system-out>File copied successfully!!
</system-out>
    <system-err>Starting ChromeDriver 77.0.3865.40 (f484704e052e0b556f8030b65b953dce96503217-refs/branch-heads/3865@{#442}) on port 23980
Only local connections are allowed.
Please protect ports used by ChromeDriver and related test frameworks to prevent access by malicious code.
[1576154137.755][WARNING]: This version of ChromeDriver has not been tested with Chrome version 78.
Dec 12, 2019 6:05:38 PM org.openqa.selenium.remote.ProtocolHandshake createSession
INFO: Detected dialect: W3C
</system-err>
  </testcase>
  <testcase name="AddMailExtentionsTest" classname="com.rabit.qa.tests.Admin_MyAccount_001_AddMailExtentionsTest" time="13.469">
    <failure message="expected [true] but found [false]" type="java.lang.AssertionError">java.lang.AssertionError: expected [true] but found [false]
	at org.testng.Assert.fail(Assert.java:96)
	at org.testng.Assert.failNotEquals(Assert.java:776)
	at org.testng.Assert.assertTrue(Assert.java:44)
	at org.testng.Assert.assertTrue(Assert.java:54)
	at com.rabit.qa.tests.Admin_MyAccount_001_AddMailExtentionsTest.AddMailExtentionsTest(Admin_MyAccount_001_AddMailExtentionsTest.java:61)
</failure>
    <system-out>File copied successfully!!
</system-out>
    <system-err>Starting ChromeDriver 77.0.3865.40 (f484704e052e0b556f8030b65b953dce96503217-refs/branch-heads/3865@{#442}) on port 6178
Only local connections are allowed.
Please protect ports used by ChromeDriver and related test frameworks to prevent access by malicious code.
[1576154174.820][WARNING]: This version of ChromeDriver has not been tested with Chrome version 78.
Dec 12, 2019 6:06:15 PM org.openqa.selenium.remote.ProtocolHandshake createSession
INFO: Detected dialect: W3C
</system-err>
  </testcase>
  <testcase name="verifyCorrectUserName" classname="com.rabit.qa.tests.HomePageTest" time="0.105"/>
  <testcase name="verifyAdminMenuClickTest" classname="com.rabit.qa.tests.HomePageTest" time="5.461"/>
</testsuite>