<?xml version="1.0" encoding="UTF-8"?>
<testng-results ignored="0" total="9" passed="9" failed="0" skipped="0">
  <reporter-output>
  </reporter-output>
  <suite started-at="2019-12-12T12:11:22Z" name="Suite" finished-at="2019-12-12T12:14:51Z" duration-ms="209165">
    <groups>
    </groups>
    <test started-at="2019-12-12T12:11:22Z" name="Test" finished-at="2019-12-12T12:14:51Z" duration-ms="209165">
      <class name="com.rabit.qa.tests.HomePageTest">
        <test-method is-config="true" signature="ReportStart()[pri:0, instance:com.rabit.qa.tests.HomePageTest@2b30a42c]" started-at="2019-12-12T12:11:58Z" name="ReportStart" finished-at="2019-12-12T12:11:58Z" duration-ms="0" status="PASS">
          <reporter-output>
          </reporter-output>
        </test-method> <!-- ReportStart -->
        <test-method is-config="true" signature="Setup()[pri:0, instance:com.rabit.qa.tests.HomePageTest@2b30a42c]" started-at="2019-12-12T12:11:58Z" name="Setup" finished-at="2019-12-12T12:12:16Z" duration-ms="18111" status="PASS">
          <reporter-output>
          </reporter-output>
        </test-method> <!-- Setup -->
        <test-method signature="verifyHomePageTitleTest()[pri:1, instance:com.rabit.qa.tests.HomePageTest@2b30a42c]" started-at="2019-12-12T12:12:16Z" name="verifyHomePageTitleTest" finished-at="2019-12-12T12:12:16Z" duration-ms="30" status="PASS">
          <reporter-output>
          </reporter-output>
        </test-method> <!-- verifyHomePageTitleTest -->
        <test-method is-config="true" signature="teardown()[pri:0, instance:com.rabit.qa.tests.HomePageTest@2b30a42c]" started-at="2019-12-12T12:12:16Z" name="teardown" finished-at="2019-12-12T12:12:17Z" duration-ms="722" status="PASS">
          <reporter-output>
          </reporter-output>
        </test-method> <!-- teardown -->
        <test-method is-config="true" signature="Setup()[pri:0, instance:com.rabit.qa.tests.HomePageTest@2b30a42c]" started-at="2019-12-12T12:14:08Z" name="Setup" finished-at="2019-12-12T12:14:27Z" duration-ms="18347" status="PASS">
          <reporter-output>
          </reporter-output>
        </test-method> <!-- Setup -->
        <test-method signature="verifyCorrectUserName()[pri:2, instance:com.rabit.qa.tests.HomePageTest@2b30a42c]" started-at="2019-12-12T12:14:27Z" name="verifyCorrectUserName" finished-at="2019-12-12T12:14:27Z" duration-ms="103" status="PASS">
          <reporter-output>
          </reporter-output>
        </test-method> <!-- verifyCorrectUserName -->
        <test-method is-config="true" signature="teardown()[pri:0, instance:com.rabit.qa.tests.HomePageTest@2b30a42c]" started-at="2019-12-12T12:14:27Z" name="teardown" finished-at="2019-12-12T12:14:28Z" duration-ms="754" status="PASS">
          <reporter-output>
          </reporter-output>
        </test-method> <!-- teardown -->
        <test-method is-config="true" signature="Setup()[pri:0, instance:com.rabit.qa.tests.HomePageTest@2b30a42c]" started-at="2019-12-12T12:14:28Z" name="Setup" finished-at="2019-12-12T12:14:45Z" duration-ms="17472" status="PASS">
          <reporter-output>
          </reporter-output>
        </test-method> <!-- Setup -->
        <test-method signature="verifyAdminMenuClickTest()[pri:3, instance:com.rabit.qa.tests.HomePageTest@2b30a42c]" started-at="2019-12-12T12:14:45Z" name="verifyAdminMenuClickTest" finished-at="2019-12-12T12:14:51Z" duration-ms="5541" status="PASS">
          <reporter-output>
          </reporter-output>
        </test-method> <!-- verifyAdminMenuClickTest -->
        <test-method is-config="true" signature="teardown()[pri:0, instance:com.rabit.qa.tests.HomePageTest@2b30a42c]" started-at="2019-12-12T12:14:51Z" name="teardown" finished-at="2019-12-12T12:14:51Z" duration-ms="754" status="PASS">
          <reporter-output>
          </reporter-output>
        </test-method> <!-- teardown -->
        <test-method is-config="true" signature="copyFile()[pri:0, instance:com.rabit.qa.tests.HomePageTest@2b30a42c]" started-at="2019-12-12T12:14:51Z" name="copyFile" finished-at="2019-12-12T12:14:51Z" duration-ms="59" status="PASS">
          <reporter-output>
          </reporter-output>
        </test-method> <!-- copyFile -->
      </class> <!-- com.rabit.qa.tests.HomePageTest -->
      <class name="com.rabit.qa.tests.LoginPageTest">
        <test-method is-config="true" signature="ReportStart()[pri:0, instance:com.rabit.qa.tests.LoginPageTest@4082ba93]" started-at="2019-12-12T12:11:22Z" name="ReportStart" finished-at="2019-12-12T12:11:22Z" duration-ms="19" status="PASS">
          <reporter-output>
          </reporter-output>
        </test-method> <!-- ReportStart -->
        <test-method is-config="true" signature="setup()[pri:0, instance:com.rabit.qa.tests.LoginPageTest@4082ba93]" started-at="2019-12-12T12:11:22Z" name="setup" finished-at="2019-12-12T12:11:31Z" duration-ms="8251" status="PASS">
          <reporter-output>
          </reporter-output>
        </test-method> <!-- setup -->
        <test-method signature="loginPageTitleTest()[pri:1, instance:com.rabit.qa.tests.LoginPageTest@4082ba93]" started-at="2019-12-12T12:11:31Z" name="loginPageTitleTest" finished-at="2019-12-12T12:11:31Z" duration-ms="15" status="PASS">
          <reporter-output>
          </reporter-output>
        </test-method> <!-- loginPageTitleTest -->
        <test-method is-config="true" signature="teardown()[pri:0, instance:com.rabit.qa.tests.LoginPageTest@4082ba93]" started-at="2019-12-12T12:11:31Z" name="teardown" finished-at="2019-12-12T12:11:31Z" duration-ms="687" status="PASS">
          <reporter-output>
          </reporter-output>
        </test-method> <!-- teardown -->
        <test-method is-config="true" signature="setup()[pri:0, instance:com.rabit.qa.tests.LoginPageTest@4082ba93]" started-at="2019-12-12T12:12:17Z" name="setup" finished-at="2019-12-12T12:12:25Z" duration-ms="7502" status="PASS">
          <reporter-output>
          </reporter-output>
        </test-method> <!-- setup -->
        <test-method signature="loginTest()[pri:2, instance:com.rabit.qa.tests.LoginPageTest@4082ba93]" started-at="2019-12-12T12:12:25Z" name="loginTest" finished-at="2019-12-12T12:12:35Z" duration-ms="10400" status="PASS">
          <reporter-output>
          </reporter-output>
        </test-method> <!-- loginTest -->
        <test-method is-config="true" signature="teardown()[pri:0, instance:com.rabit.qa.tests.LoginPageTest@4082ba93]" started-at="2019-12-12T12:12:35Z" name="teardown" finished-at="2019-12-12T12:12:36Z" duration-ms="750" status="PASS">
          <reporter-output>
          </reporter-output>
        </test-method> <!-- teardown -->
        <test-method is-config="true" signature="copyFile()[pri:0, instance:com.rabit.qa.tests.LoginPageTest@4082ba93]" started-at="2019-12-12T12:12:36Z" name="copyFile" finished-at="2019-12-12T12:12:36Z" duration-ms="68" status="PASS">
          <reporter-output>
          </reporter-output>
        </test-method> <!-- copyFile -->
      </class> <!-- com.rabit.qa.tests.LoginPageTest -->
      <class name="com.rabit.qa.tests.Admin_MyAccount_001_AddMailExtentionsTest">
        <test-method is-config="true" signature="ReportStart()[pri:0, instance:com.rabit.qa.tests.Admin_MyAccount_001_AddMailExtentionsTest@17fc391b]" started-at="2019-12-12T12:11:31Z" name="ReportStart" finished-at="2019-12-12T12:11:31Z" duration-ms="0" status="PASS">
          <reporter-output>
          </reporter-output>
        </test-method> <!-- ReportStart -->
        <test-method is-config="true" signature="Setup()[pri:0, instance:com.rabit.qa.tests.Admin_MyAccount_001_AddMailExtentionsTest@17fc391b]" started-at="2019-12-12T12:11:31Z" name="Setup" finished-at="2019-12-12T12:11:55Z" duration-ms="23917" status="PASS">
          <reporter-output>
          </reporter-output>
        </test-method> <!-- Setup -->
        <test-method signature="verifyMyAccountDetailsTest()[pri:1, instance:com.rabit.qa.tests.Admin_MyAccount_001_AddMailExtentionsTest@17fc391b]" started-at="2019-12-12T12:11:55Z" name="verifyMyAccountDetailsTest" finished-at="2019-12-12T12:11:57Z" duration-ms="2180" status="PASS">
          <reporter-output>
          </reporter-output>
        </test-method> <!-- verifyMyAccountDetailsTest -->
        <test-method is-config="true" signature="teardown()[pri:0, instance:com.rabit.qa.tests.Admin_MyAccount_001_AddMailExtentionsTest@17fc391b]" started-at="2019-12-12T12:11:57Z" name="teardown" finished-at="2019-12-12T12:11:58Z" duration-ms="882" status="PASS">
          <reporter-output>
          </reporter-output>
        </test-method> <!-- teardown -->
        <test-method is-config="true" signature="Setup()[pri:0, instance:com.rabit.qa.tests.Admin_MyAccount_001_AddMailExtentionsTest@17fc391b]" started-at="2019-12-12T12:12:36Z" name="Setup" finished-at="2019-12-12T12:13:00Z" duration-ms="23758" status="PASS">
          <reporter-output>
          </reporter-output>
        </test-method> <!-- Setup -->
        <test-method signature="AddMailExtentionsTest(java.lang.String, java.lang.String, java.lang.String)[pri:2, instance:com.rabit.qa.tests.Admin_MyAccount_001_AddMailExtentionsTest@17fc391b]" started-at="2019-12-12T12:13:00Z" name="AddMailExtentionsTest" data-provider="ARData" finished-at="2019-12-12T12:13:06Z" duration-ms="6409" status="PASS">
          <params>
            <param index="0">
              <value>
                <![CDATA[sanitymail1.com]]>
              </value>
            </param>
            <param index="1">
              <value>
                <![CDATA[MailinatorSampleMail1]]>
              </value>
            </param>
            <param index="2">
              <value>
                <![CDATA[Mail Extension changes have been saved successfully.]]>
              </value>
            </param>
          </params>
          <reporter-output>
          </reporter-output>
        </test-method> <!-- AddMailExtentionsTest -->
        <test-method is-config="true" signature="teardown()[pri:0, instance:com.rabit.qa.tests.Admin_MyAccount_001_AddMailExtentionsTest@17fc391b]" started-at="2019-12-12T12:13:06Z" name="teardown" finished-at="2019-12-12T12:13:07Z" duration-ms="760" status="PASS">
          <reporter-output>
          </reporter-output>
        </test-method> <!-- teardown -->
        <test-method is-config="true" signature="Setup()[pri:0, instance:com.rabit.qa.tests.Admin_MyAccount_001_AddMailExtentionsTest@17fc391b]" started-at="2019-12-12T12:13:07Z" name="Setup" finished-at="2019-12-12T12:13:30Z" duration-ms="23271" status="PASS">
          <reporter-output>
          </reporter-output>
        </test-method> <!-- Setup -->
        <test-method signature="AddMailExtentionsTest(java.lang.String, java.lang.String, java.lang.String)[pri:2, instance:com.rabit.qa.tests.Admin_MyAccount_001_AddMailExtentionsTest@17fc391b]" started-at="2019-12-12T12:13:30Z" name="AddMailExtentionsTest" data-provider="ARData" finished-at="2019-12-12T12:13:37Z" duration-ms="6559" status="PASS">
          <params>
            <param index="0">
              <value>
                <![CDATA[sanitymail2.com]]>
              </value>
            </param>
            <param index="1">
              <value>
                <![CDATA[MailinatorSampleMail2]]>
              </value>
            </param>
            <param index="2">
              <value>
                <![CDATA[Mail Extension changes have been saved successfully.]]>
              </value>
            </param>
          </params>
          <reporter-output>
          </reporter-output>
        </test-method> <!-- AddMailExtentionsTest -->
        <test-method is-config="true" signature="teardown()[pri:0, instance:com.rabit.qa.tests.Admin_MyAccount_001_AddMailExtentionsTest@17fc391b]" started-at="2019-12-12T12:13:37Z" name="teardown" finished-at="2019-12-12T12:13:38Z" duration-ms="733" status="PASS">
          <reporter-output>
          </reporter-output>
        </test-method> <!-- teardown -->
        <test-method is-config="true" signature="Setup()[pri:0, instance:com.rabit.qa.tests.Admin_MyAccount_001_AddMailExtentionsTest@17fc391b]" started-at="2019-12-12T12:13:38Z" name="Setup" finished-at="2019-12-12T12:14:01Z" duration-ms="23303" status="PASS">
          <reporter-output>
          </reporter-output>
        </test-method> <!-- Setup -->
        <test-method signature="AddMailExtentionsTest(java.lang.String, java.lang.String, java.lang.String)[pri:2, instance:com.rabit.qa.tests.Admin_MyAccount_001_AddMailExtentionsTest@17fc391b]" started-at="2019-12-12T12:14:01Z" name="AddMailExtentionsTest" data-provider="ARData" finished-at="2019-12-12T12:14:08Z" duration-ms="6544" status="PASS">
          <params>
            <param index="0">
              <value>
                <![CDATA[sanitymail3.com]]>
              </value>
            </param>
            <param index="1">
              <value>
                <![CDATA[MailinatorSampleMail3]]>
              </value>
            </param>
            <param index="2">
              <value>
                <![CDATA[Mail Extension changes have been saved successfully.]]>
              </value>
            </param>
          </params>
          <reporter-output>
          </reporter-output>
        </test-method> <!-- AddMailExtentionsTest -->
        <test-method is-config="true" signature="teardown()[pri:0, instance:com.rabit.qa.tests.Admin_MyAccount_001_AddMailExtentionsTest@17fc391b]" started-at="2019-12-12T12:14:08Z" name="teardown" finished-at="2019-12-12T12:14:08Z" duration-ms="747" status="PASS">
          <reporter-output>
          </reporter-output>
        </test-method> <!-- teardown -->
        <test-method is-config="true" signature="copyFile()[pri:0, instance:com.rabit.qa.tests.Admin_MyAccount_001_AddMailExtentionsTest@17fc391b]" started-at="2019-12-12T12:14:08Z" name="copyFile" finished-at="2019-12-12T12:14:08Z" duration-ms="48" status="PASS">
          <reporter-output>
          </reporter-output>
        </test-method> <!-- copyFile -->
      </class> <!-- com.rabit.qa.tests.Admin_MyAccount_001_AddMailExtentionsTest -->
    </test> <!-- Test -->
  </suite> <!-- Suite -->
</testng-results>
